2026-06-07 13:30:47.929 +02:00 [INF] Registered 20 endpoints in 1,926 milliseconds.
2026-06-07 13:30:48.278 +02:00 [INF] No validators found in the system!
2026-06-07 13:30:48.501 +02:00 [INF] Now listening on: https://localhost:5100
2026-06-07 13:30:48.502 +02:00 [INF] Now listening on: http://localhost:8000
2026-06-07 13:30:48.503 +02:00 [INF] Application started. Press Ctrl+C to shut down.
2026-06-07 13:30:48.503 +02:00 [INF] Hosting environment: Development
2026-06-07 13:30:48.503 +02:00 [INF] Content root path: C:\Users\orite\source\repos\OriteK\Medika\apps\backend\src\Medika.Api
2026-06-07 14:32:49.347 +02:00 [ERR] Unhandled exception: POST /api/patients
MongoDB.Bson.BsonSerializationException: An error occurred while serializing the BloodGroup property of class Medika.Domain.Patients.Patient: Object reference not set to an instance of an object.
 ---> System.NullReferenceException: Object reference not set to an instance of an object.
   at Medika.Infrastructure.Persistence.Mappings.<DomainMappings>F0211066C927B1236F2E0B2BFB739751B9F8F3460DB9D98A82BE3E2CE890C539A__BloodGroupSerializer.Serialize(BsonSerializationContext ctx, BsonSerializationArgs args, BloodGroup value) in C:\Users\orite\source\repos\OriteK\Medika\apps\backend\src\Medika.Infrastructure\Persistence\Mappings\DomainMappings.cs:line 179
   at MongoDB.Bson.Serialization.IBsonSerializerExtensions.Serialize(IBsonSerializer serializer, BsonSerializationContext context, Object value)
   at MongoDB.Bson.Serialization.BsonClassMapSerializer`1.SerializeNormalMember(BsonSerializationContext context, Object obj, BsonMemberMap memberMap)
   at MongoDB.Bson.Serialization.BsonClassMapSerializer`1.SerializeMember(BsonSerializationContext context, Object obj, BsonMemberMap memberMap)
   --- End of inner exception stack trace ---
   at MongoDB.Driver.Core.Operations.RetryableWriteOperationExecutor.ExecuteAsync[TResult](OperationContext operationContext, IRetryableWriteOperation`1 operation, RetryableWriteContext context)
   at MongoDB.Driver.Core.Operations.BulkUnmixedWriteOperationBase`1.ExecuteBatchAsync(OperationContext operationContext, RetryableWriteContext context, Batch batch)
   at MongoDB.Driver.Core.Operations.BulkUnmixedWriteOperationBase`1.ExecuteBatchesAsync(OperationContext operationContext, RetryableWriteContext context)
   at MongoDB.Driver.Core.Operations.BulkMixedWriteOperation.ExecuteBatchAsync(OperationContext operationContext, RetryableWriteContext context, Batch batch)
   at MongoDB.Driver.Core.Operations.BulkMixedWriteOperation.ExecuteAsync(OperationContext operationContext, IWriteBinding binding)
   at MongoDB.Driver.OperationExecutor.ExecuteWriteOperationAsync[TResult](OperationContext operationContext, IClientSessionHandle session, IWriteOperation`1 operation, Boolean allowChannelPinning)
   at MongoDB.Driver.MongoCollectionImpl`1.ExecuteWriteOperationAsync[TResult](IClientSessionHandle session, IWriteOperation`1 operation, Nullable`1 timeout, CancellationToken cancellationToken)
   at MongoDB.Driver.MongoCollectionImpl`1.BulkWriteAsync(IClientSessionHandle session, IEnumerable`1 requests, BulkWriteOptions options, CancellationToken cancellationToken)
   at MongoDB.Driver.MongoCollectionImpl`1.BulkWriteAsync(IEnumerable`1 requests, BulkWriteOptions options, CancellationToken cancellationToken)
   at MongoDB.Driver.MongoCollectionBase`1.InsertOneAsync(TDocument document, InsertOneOptions options, Func`3 bulkWriteAsync)
   at Medika.Infrastructure.Persistence.Repositories.BaseRepository`2.AddAsync(TAggregate aggregate, CancellationToken ct) in C:\Users\orite\source\repos\OriteK\Medika\apps\backend\src\Medika.Infrastructure\Persistence\Repositories\BaseRepository.cs:line 21
   at Medika.Application.Patients.Commands.CreatePatient.CreatePatientHandler.ExecuteAsync(CreatePatientCommand cmd, CancellationToken ct) in C:\Users\orite\source\repos\OriteK\Medika\apps\backend\src\Medika.Application\Patients\Commands\CreatePatient\CreatePatientHandler.cs:line 32
   at Medika.Api.Endpoints.Patients.CreatePatientEndpoint.HandleAsync(CreatePatientCommand req, CancellationToken ct) in C:\Users\orite\source\repos\OriteK\Medika\apps\backend\src\Medika.Api\Endpoints\Patients\CreatePatientEndpoint.cs:line 26
   at FastEndpoints.Endpoint`2.ExecAsync(CancellationToken ct)
   at FastEndpoints.Endpoint`2.ExecAsync(CancellationToken ct)
   at Microsoft.AspNetCore.Http.RequestDelegateFactory.ExecuteResultWriteResponse(IResult result, HttpContext httpContext)
   at NSwag.AspNetCore.Middlewares.SwaggerUiIndexMiddleware.Invoke(HttpContext context)
   at NSwag.AspNetCore.Middlewares.RedirectToIndexMiddleware.Invoke(HttpContext context)
   at NSwag.AspNetCore.Middlewares.OpenApiDocumentMiddleware.Invoke(HttpContext context)
   at Microsoft.AspNetCore.Authorization.AuthorizationMiddleware.Invoke(HttpContext context)
   at Microsoft.AspNetCore.Authentication.AuthenticationMiddleware.Invoke(HttpContext context)
   at Microsoft.AspNetCore.Diagnostics.ExceptionHandlerMiddlewareImpl.<Invoke>g__Awaited|10_0(ExceptionHandlerMiddlewareImpl middleware, HttpContext context, Task task)
2026-06-07 14:32:59.519 +02:00 [ERR] Unhandled exception: POST /api/patients
MongoDB.Bson.BsonSerializationException: An error occurred while serializing the BloodGroup property of class Medika.Domain.Patients.Patient: Object reference not set to an instance of an object.
 ---> System.NullReferenceException: Object reference not set to an instance of an object.
   at Medika.Infrastructure.Persistence.Mappings.<DomainMappings>F0211066C927B1236F2E0B2BFB739751B9F8F3460DB9D98A82BE3E2CE890C539A__BloodGroupSerializer.Serialize(BsonSerializationContext ctx, BsonSerializationArgs args, BloodGroup value) in C:\Users\orite\source\repos\OriteK\Medika\apps\backend\src\Medika.Infrastructure\Persistence\Mappings\DomainMappings.cs:line 179
   at MongoDB.Bson.Serialization.IBsonSerializerExtensions.Serialize(IBsonSerializer serializer, BsonSerializationContext context, Object value)
   at MongoDB.Bson.Serialization.BsonClassMapSerializer`1.SerializeNormalMember(BsonSerializationContext context, Object obj, BsonMemberMap memberMap)
   at MongoDB.Bson.Serialization.BsonClassMapSerializer`1.SerializeMember(BsonSerializationContext context, Object obj, BsonMemberMap memberMap)
   --- End of inner exception stack trace ---
   at MongoDB.Driver.Core.Operations.RetryableWriteOperationExecutor.ExecuteAsync[TResult](OperationContext operationContext, IRetryableWriteOperation`1 operation, RetryableWriteContext context)
   at MongoDB.Driver.Core.Operations.BulkUnmixedWriteOperationBase`1.ExecuteBatchAsync(OperationContext operationContext, RetryableWriteContext context, Batch batch)
   at MongoDB.Driver.Core.Operations.BulkUnmixedWriteOperationBase`1.ExecuteBatchesAsync(OperationContext operationContext, RetryableWriteContext context)
   at MongoDB.Driver.Core.Operations.BulkMixedWriteOperation.ExecuteBatchAsync(OperationContext operationContext, RetryableWriteContext context, Batch batch)
   at MongoDB.Driver.Core.Operations.BulkMixedWriteOperation.ExecuteAsync(OperationContext operationContext, IWriteBinding binding)
   at MongoDB.Driver.OperationExecutor.ExecuteWriteOperationAsync[TResult](OperationContext operationContext, IClientSessionHandle session, IWriteOperation`1 operation, Boolean allowChannelPinning)
   at MongoDB.Driver.MongoCollectionImpl`1.ExecuteWriteOperationAsync[TResult](IClientSessionHandle session, IWriteOperation`1 operation, Nullable`1 timeout, CancellationToken cancellationToken)
   at MongoDB.Driver.MongoCollectionImpl`1.BulkWriteAsync(IClientSessionHandle session, IEnumerable`1 requests, BulkWriteOptions options, CancellationToken cancellationToken)
   at MongoDB.Driver.MongoCollectionImpl`1.BulkWriteAsync(IEnumerable`1 requests, BulkWriteOptions options, CancellationToken cancellationToken)
   at MongoDB.Driver.MongoCollectionBase`1.InsertOneAsync(TDocument document, InsertOneOptions options, Func`3 bulkWriteAsync)
   at Medika.Infrastructure.Persistence.Repositories.BaseRepository`2.AddAsync(TAggregate aggregate, CancellationToken ct) in C:\Users\orite\source\repos\OriteK\Medika\apps\backend\src\Medika.Infrastructure\Persistence\Repositories\BaseRepository.cs:line 21
   at Medika.Application.Patients.Commands.CreatePatient.CreatePatientHandler.ExecuteAsync(CreatePatientCommand cmd, CancellationToken ct) in C:\Users\orite\source\repos\OriteK\Medika\apps\backend\src\Medika.Application\Patients\Commands\CreatePatient\CreatePatientHandler.cs:line 32
   at Medika.Api.Endpoints.Patients.CreatePatientEndpoint.HandleAsync(CreatePatientCommand req, CancellationToken ct) in C:\Users\orite\source\repos\OriteK\Medika\apps\backend\src\Medika.Api\Endpoints\Patients\CreatePatientEndpoint.cs:line 26
   at FastEndpoints.Endpoint`2.ExecAsync(CancellationToken ct)
   at FastEndpoints.Endpoint`2.ExecAsync(CancellationToken ct)
   at Microsoft.AspNetCore.Http.RequestDelegateFactory.ExecuteResultWriteResponse(IResult result, HttpContext httpContext)
   at NSwag.AspNetCore.Middlewares.SwaggerUiIndexMiddleware.Invoke(HttpContext context)
   at NSwag.AspNetCore.Middlewares.RedirectToIndexMiddleware.Invoke(HttpContext context)
   at NSwag.AspNetCore.Middlewares.OpenApiDocumentMiddleware.Invoke(HttpContext context)
   at Microsoft.AspNetCore.Authorization.AuthorizationMiddleware.Invoke(HttpContext context)
   at Microsoft.AspNetCore.Authentication.AuthenticationMiddleware.Invoke(HttpContext context)
   at Microsoft.AspNetCore.Diagnostics.ExceptionHandlerMiddlewareImpl.<Invoke>g__Awaited|10_0(ExceptionHandlerMiddlewareImpl middleware, HttpContext context, Task task)
2026-06-07 14:38:07.378 +02:00 [ERR] Unhandled exception: POST /api/patients
MongoDB.Bson.BsonSerializationException: An error occurred while serializing the BloodGroup property of class Medika.Domain.Patients.Patient: Object reference not set to an instance of an object.
 ---> System.NullReferenceException: Object reference not set to an instance of an object.
   at Medika.Infrastructure.Persistence.Mappings.<DomainMappings>F0211066C927B1236F2E0B2BFB739751B9F8F3460DB9D98A82BE3E2CE890C539A__BloodGroupSerializer.Serialize(BsonSerializationContext ctx, BsonSerializationArgs args, BloodGroup value) in C:\Users\orite\source\repos\OriteK\Medika\apps\backend\src\Medika.Infrastructure\Persistence\Mappings\DomainMappings.cs:line 179
   at MongoDB.Bson.Serialization.IBsonSerializerExtensions.Serialize(IBsonSerializer serializer, BsonSerializationContext context, Object value)
   at MongoDB.Bson.Serialization.BsonClassMapSerializer`1.SerializeNormalMember(BsonSerializationContext context, Object obj, BsonMemberMap memberMap)
   at MongoDB.Bson.Serialization.BsonClassMapSerializer`1.SerializeMember(BsonSerializationContext context, Object obj, BsonMemberMap memberMap)
   --- End of inner exception stack trace ---
   at MongoDB.Driver.Core.Operations.RetryableWriteOperationExecutor.ExecuteAsync[TResult](OperationContext operationContext, IRetryableWriteOperation`1 operation, RetryableWriteContext context)
   at MongoDB.Driver.Core.Operations.BulkUnmixedWriteOperationBase`1.ExecuteBatchAsync(OperationContext operationContext, RetryableWriteContext context, Batch batch)
   at MongoDB.Driver.Core.Operations.BulkUnmixedWriteOperationBase`1.ExecuteBatchesAsync(OperationContext operationContext, RetryableWriteContext context)
   at MongoDB.Driver.Core.Operations.BulkMixedWriteOperation.ExecuteBatchAsync(OperationContext operationContext, RetryableWriteContext context, Batch batch)
   at MongoDB.Driver.Core.Operations.BulkMixedWriteOperation.ExecuteAsync(OperationContext operationContext, IWriteBinding binding)
   at MongoDB.Driver.OperationExecutor.ExecuteWriteOperationAsync[TResult](OperationContext operationContext, IClientSessionHandle session, IWriteOperation`1 operation, Boolean allowChannelPinning)
   at MongoDB.Driver.MongoCollectionImpl`1.ExecuteWriteOperationAsync[TResult](IClientSessionHandle session, IWriteOperation`1 operation, Nullable`1 timeout, CancellationToken cancellationToken)
   at MongoDB.Driver.MongoCollectionImpl`1.BulkWriteAsync(IClientSessionHandle session, IEnumerable`1 requests, BulkWriteOptions options, CancellationToken cancellationToken)
   at MongoDB.Driver.MongoCollectionImpl`1.BulkWriteAsync(IEnumerable`1 requests, BulkWriteOptions options, CancellationToken cancellationToken)
   at MongoDB.Driver.MongoCollectionBase`1.InsertOneAsync(TDocument document, InsertOneOptions options, Func`3 bulkWriteAsync)
   at Medika.Infrastructure.Persistence.Repositories.BaseRepository`2.AddAsync(TAggregate aggregate, CancellationToken ct) in C:\Users\orite\source\repos\OriteK\Medika\apps\backend\src\Medika.Infrastructure\Persistence\Repositories\BaseRepository.cs:line 21
   at Medika.Application.Patients.Commands.CreatePatient.CreatePatientHandler.ExecuteAsync(CreatePatientCommand cmd, CancellationToken ct) in C:\Users\orite\source\repos\OriteK\Medika\apps\backend\src\Medika.Application\Patients\Commands\CreatePatient\CreatePatientHandler.cs:line 32
   at Medika.Api.Endpoints.Patients.CreatePatientEndpoint.HandleAsync(CreatePatientCommand req, CancellationToken ct) in C:\Users\orite\source\repos\OriteK\Medika\apps\backend\src\Medika.Api\Endpoints\Patients\CreatePatientEndpoint.cs:line 26
   at FastEndpoints.Endpoint`2.ExecAsync(CancellationToken ct)
   at FastEndpoints.Endpoint`2.ExecAsync(CancellationToken ct)
   at Microsoft.AspNetCore.Http.RequestDelegateFactory.ExecuteResultWriteResponse(IResult result, HttpContext httpContext)
   at NSwag.AspNetCore.Middlewares.SwaggerUiIndexMiddleware.Invoke(HttpContext context)
   at NSwag.AspNetCore.Middlewares.RedirectToIndexMiddleware.Invoke(HttpContext context)
   at NSwag.AspNetCore.Middlewares.OpenApiDocumentMiddleware.Invoke(HttpContext context)
   at Microsoft.AspNetCore.Authorization.AuthorizationMiddleware.Invoke(HttpContext context)
   at Microsoft.AspNetCore.Authentication.AuthenticationMiddleware.Invoke(HttpContext context)
   at Microsoft.AspNetCore.Diagnostics.ExceptionHandlerMiddlewareImpl.<Invoke>g__Awaited|10_0(ExceptionHandlerMiddlewareImpl middleware, HttpContext context, Task task)
2026-06-07 14:38:55.901 +02:00 [ERR] Unhandled exception: POST /api/patients
MongoDB.Bson.BsonSerializationException: An error occurred while serializing the BloodGroup property of class Medika.Domain.Patients.Patient: Object reference not set to an instance of an object.
 ---> System.NullReferenceException: Object reference not set to an instance of an object.
   at Medika.Infrastructure.Persistence.Mappings.<DomainMappings>F0211066C927B1236F2E0B2BFB739751B9F8F3460DB9D98A82BE3E2CE890C539A__BloodGroupSerializer.Serialize(BsonSerializationContext ctx, BsonSerializationArgs args, BloodGroup value) in C:\Users\orite\source\repos\OriteK\Medika\apps\backend\src\Medika.Infrastructure\Persistence\Mappings\DomainMappings.cs:line 179
   at MongoDB.Bson.Serialization.IBsonSerializerExtensions.Serialize(IBsonSerializer serializer, BsonSerializationContext context, Object value)
   at MongoDB.Bson.Serialization.BsonClassMapSerializer`1.SerializeNormalMember(BsonSerializationContext context, Object obj, BsonMemberMap memberMap)
   at MongoDB.Bson.Serialization.BsonClassMapSerializer`1.SerializeMember(BsonSerializationContext context, Object obj, BsonMemberMap memberMap)
   --- End of inner exception stack trace ---
   at MongoDB.Driver.Core.Operations.RetryableWriteOperationExecutor.ExecuteAsync[TResult](OperationContext operationContext, IRetryableWriteOperation`1 operation, RetryableWriteContext context)
   at MongoDB.Driver.Core.Operations.BulkUnmixedWriteOperationBase`1.ExecuteBatchAsync(OperationContext operationContext, RetryableWriteContext context, Batch batch)
   at MongoDB.Driver.Core.Operations.BulkUnmixedWriteOperationBase`1.ExecuteBatchesAsync(OperationContext operationContext, RetryableWriteContext context)
   at MongoDB.Driver.Core.Operations.BulkMixedWriteOperation.ExecuteBatchAsync(OperationContext operationContext, RetryableWriteContext context, Batch batch)
   at MongoDB.Driver.Core.Operations.BulkMixedWriteOperation.ExecuteAsync(OperationContext operationContext, IWriteBinding binding)
   at MongoDB.Driver.OperationExecutor.ExecuteWriteOperationAsync[TResult](OperationContext operationContext, IClientSessionHandle session, IWriteOperation`1 operation, Boolean allowChannelPinning)
   at MongoDB.Driver.MongoCollectionImpl`1.ExecuteWriteOperationAsync[TResult](IClientSessionHandle session, IWriteOperation`1 operation, Nullable`1 timeout, CancellationToken cancellationToken)
   at MongoDB.Driver.MongoCollectionImpl`1.BulkWriteAsync(IClientSessionHandle session, IEnumerable`1 requests, BulkWriteOptions options, CancellationToken cancellationToken)
   at MongoDB.Driver.MongoCollectionImpl`1.BulkWriteAsync(IEnumerable`1 requests, BulkWriteOptions options, CancellationToken cancellationToken)
   at MongoDB.Driver.MongoCollectionBase`1.InsertOneAsync(TDocument document, InsertOneOptions options, Func`3 bulkWriteAsync)
   at Medika.Infrastructure.Persistence.Repositories.BaseRepository`2.AddAsync(TAggregate aggregate, CancellationToken ct) in C:\Users\orite\source\repos\OriteK\Medika\apps\backend\src\Medika.Infrastructure\Persistence\Repositories\BaseRepository.cs:line 21
   at Medika.Application.Patients.Commands.CreatePatient.CreatePatientHandler.ExecuteAsync(CreatePatientCommand cmd, CancellationToken ct) in C:\Users\orite\source\repos\OriteK\Medika\apps\backend\src\Medika.Application\Patients\Commands\CreatePatient\CreatePatientHandler.cs:line 32
   at Medika.Api.Endpoints.Patients.CreatePatientEndpoint.HandleAsync(CreatePatientCommand req, CancellationToken ct) in C:\Users\orite\source\repos\OriteK\Medika\apps\backend\src\Medika.Api\Endpoints\Patients\CreatePatientEndpoint.cs:line 26
   at FastEndpoints.Endpoint`2.ExecAsync(CancellationToken ct)
   at FastEndpoints.Endpoint`2.ExecAsync(CancellationToken ct)
   at Microsoft.AspNetCore.Http.RequestDelegateFactory.ExecuteResultWriteResponse(IResult result, HttpContext httpContext)
   at NSwag.AspNetCore.Middlewares.SwaggerUiIndexMiddleware.Invoke(HttpContext context)
   at NSwag.AspNetCore.Middlewares.RedirectToIndexMiddleware.Invoke(HttpContext context)
   at NSwag.AspNetCore.Middlewares.OpenApiDocumentMiddleware.Invoke(HttpContext context)
   at Microsoft.AspNetCore.Authorization.AuthorizationMiddleware.Invoke(HttpContext context)
   at Microsoft.AspNetCore.Authentication.AuthenticationMiddleware.Invoke(HttpContext context)
   at Microsoft.AspNetCore.Diagnostics.ExceptionHandlerMiddlewareImpl.<Invoke>g__Awaited|10_0(ExceptionHandlerMiddlewareImpl middleware, HttpContext context, Task task)
2026-06-07 14:40:36.638 +02:00 [INF] Registered 20 endpoints in 1,437 milliseconds.
2026-06-07 14:40:36.734 +02:00 [INF] No validators found in the system!
2026-06-07 14:40:36.934 +02:00 [INF] Now listening on: https://localhost:5100
2026-06-07 14:40:36.935 +02:00 [INF] Now listening on: http://localhost:8000
2026-06-07 14:40:36.996 +02:00 [INF] Application started. Press Ctrl+C to shut down.
2026-06-07 14:40:36.997 +02:00 [INF] Hosting environment: Development
2026-06-07 14:40:36.997 +02:00 [INF] Content root path: C:\Users\orite\source\repos\OriteK\Medika\apps\backend\src\Medika.Api
2026-06-07 14:41:57.657 +02:00 [ERR] Unhandled exception: POST /api/patients
MongoDB.Driver.MongoWriteException: A write operation resulted in an error. WriteError: { Category : "DuplicateKey", Code : 11000, Message : "E11000 duplicate key error collection: medika_dev.patients index: nss_1 dup key: { nss: null }" }.
 ---> MongoDB.Driver.MongoBulkWriteException`1[Medika.Domain.Patients.Patient]: A bulk write operation resulted in one or more errors. WriteErrors: [ { Category : "DuplicateKey", Code : 11000, Message : "E11000 duplicate key error collection: medika_dev.patients index: nss_1 dup key: { nss: null }" } ].
   at MongoDB.Driver.MongoCollectionImpl`1.BulkWriteAsync(IClientSessionHandle session, IEnumerable`1 requests, BulkWriteOptions options, CancellationToken cancellationToken)
   at MongoDB.Driver.MongoCollectionImpl`1.BulkWriteAsync(IEnumerable`1 requests, BulkWriteOptions options, CancellationToken cancellationToken)
   at MongoDB.Driver.MongoCollectionBase`1.InsertOneAsync(TDocument document, InsertOneOptions options, Func`3 bulkWriteAsync)
   --- End of inner exception stack trace ---
   at MongoDB.Driver.MongoCollectionBase`1.InsertOneAsync(TDocument document, InsertOneOptions options, Func`3 bulkWriteAsync)
   at Medika.Infrastructure.Persistence.Repositories.BaseRepository`2.AddAsync(TAggregate aggregate, CancellationToken ct) in C:\Users\orite\source\repos\OriteK\Medika\apps\backend\src\Medika.Infrastructure\Persistence\Repositories\BaseRepository.cs:line 21
   at Medika.Application.Patients.Commands.CreatePatient.CreatePatientHandler.ExecuteAsync(CreatePatientCommand cmd, CancellationToken ct) in C:\Users\orite\source\repos\OriteK\Medika\apps\backend\src\Medika.Application\Patients\Commands\CreatePatient\CreatePatientHandler.cs:line 32
   at Medika.Api.Endpoints.Patients.CreatePatientEndpoint.HandleAsync(CreatePatientCommand req, CancellationToken ct) in C:\Users\orite\source\repos\OriteK\Medika\apps\backend\src\Medika.Api\Endpoints\Patients\CreatePatientEndpoint.cs:line 26
   at FastEndpoints.Endpoint`2.ExecAsync(CancellationToken ct)
   at FastEndpoints.Endpoint`2.ExecAsync(CancellationToken ct)
   at Microsoft.AspNetCore.Http.RequestDelegateFactory.ExecuteResultWriteResponse(IResult result, HttpContext httpContext)
   at NSwag.AspNetCore.Middlewares.SwaggerUiIndexMiddleware.Invoke(HttpContext context)
   at NSwag.AspNetCore.Middlewares.RedirectToIndexMiddleware.Invoke(HttpContext context)
   at NSwag.AspNetCore.Middlewares.OpenApiDocumentMiddleware.Invoke(HttpContext context)
   at Microsoft.AspNetCore.Authorization.AuthorizationMiddleware.Invoke(HttpContext context)
   at Microsoft.AspNetCore.Authentication.AuthenticationMiddleware.Invoke(HttpContext context)
   at Microsoft.AspNetCore.Diagnostics.ExceptionHandlerMiddlewareImpl.<Invoke>g__Awaited|10_0(ExceptionHandlerMiddlewareImpl middleware, HttpContext context, Task task)
2026-06-07 15:04:59.719 +02:00 [INF] Registered 20 endpoints in 1,471 milliseconds.
2026-06-07 15:04:59.813 +02:00 [INF] No validators found in the system!
2026-06-07 15:05:00.012 +02:00 [INF] Now listening on: https://localhost:5100
2026-06-07 15:05:00.014 +02:00 [INF] Now listening on: http://localhost:8000
2026-06-07 15:05:00.076 +02:00 [INF] Application started. Press Ctrl+C to shut down.
2026-06-07 15:05:00.077 +02:00 [INF] Hosting environment: Development
2026-06-07 15:05:00.078 +02:00 [INF] Content root path: C:\Users\orite\source\repos\OriteK\Medika\apps\backend\src\Medika.Api
2026-06-07 15:05:04.420 +02:00 [ERR] Unhandled exception: POST /api/patients
MongoDB.Driver.MongoWriteException: A write operation resulted in an error. WriteError: { Category : "DuplicateKey", Code : 11000, Message : "E11000 duplicate key error collection: medika_dev.patients index: nss_1 dup key: { nss: null }" }.
 ---> MongoDB.Driver.MongoBulkWriteException`1[Medika.Domain.Patients.Patient]: A bulk write operation resulted in one or more errors. WriteErrors: [ { Category : "DuplicateKey", Code : 11000, Message : "E11000 duplicate key error collection: medika_dev.patients index: nss_1 dup key: { nss: null }" } ].
   at MongoDB.Driver.MongoCollectionImpl`1.BulkWriteAsync(IClientSessionHandle session, IEnumerable`1 requests, BulkWriteOptions options, CancellationToken cancellationToken)
   at MongoDB.Driver.MongoCollectionImpl`1.BulkWriteAsync(IEnumerable`1 requests, BulkWriteOptions options, CancellationToken cancellationToken)
   at MongoDB.Driver.MongoCollectionBase`1.InsertOneAsync(TDocument document, InsertOneOptions options, Func`3 bulkWriteAsync)
   --- End of inner exception stack trace ---
   at MongoDB.Driver.MongoCollectionBase`1.InsertOneAsync(TDocument document, InsertOneOptions options, Func`3 bulkWriteAsync)
   at Medika.Infrastructure.Persistence.Repositories.BaseRepository`2.AddAsync(TAggregate aggregate, CancellationToken ct) in C:\Users\orite\source\repos\OriteK\Medika\apps\backend\src\Medika.Infrastructure\Persistence\Repositories\BaseRepository.cs:line 21
   at Medika.Application.Patients.Commands.CreatePatient.CreatePatientHandler.ExecuteAsync(CreatePatientCommand cmd, CancellationToken ct) in C:\Users\orite\source\repos\OriteK\Medika\apps\backend\src\Medika.Application\Patients\Commands\CreatePatient\CreatePatientHandler.cs:line 32
   at Medika.Api.Endpoints.Patients.CreatePatientEndpoint.HandleAsync(CreatePatientCommand req, CancellationToken ct) in C:\Users\orite\source\repos\OriteK\Medika\apps\backend\src\Medika.Api\Endpoints\Patients\CreatePatientEndpoint.cs:line 26
   at FastEndpoints.Endpoint`2.ExecAsync(CancellationToken ct)
   at FastEndpoints.Endpoint`2.ExecAsync(CancellationToken ct)
   at Microsoft.AspNetCore.Http.RequestDelegateFactory.ExecuteResultWriteResponse(IResult result, HttpContext httpContext)
   at NSwag.AspNetCore.Middlewares.SwaggerUiIndexMiddleware.Invoke(HttpContext context)
   at NSwag.AspNetCore.Middlewares.RedirectToIndexMiddleware.Invoke(HttpContext context)
   at NSwag.AspNetCore.Middlewares.OpenApiDocumentMiddleware.Invoke(HttpContext context)
   at Microsoft.AspNetCore.Authorization.AuthorizationMiddleware.Invoke(HttpContext context)
   at Microsoft.AspNetCore.Authentication.AuthenticationMiddleware.Invoke(HttpContext context)
   at Microsoft.AspNetCore.Diagnostics.ExceptionHandlerMiddlewareImpl.<Invoke>g__Awaited|10_0(ExceptionHandlerMiddlewareImpl middleware, HttpContext context, Task task)
